<?xml version="1.0" encoding="UTF-8"?>
<testng-results ignored="0" total="4" passed="4" failed="0" skipped="0">
  <reporter-output>
  </reporter-output>
  <suite started-at="2024-11-26T21:47:59 GMT-04:00" name="SauceDemo Automation Suite" finished-at="2024-11-26T21:48:04 GMT-04:00" duration-ms="5042">
    <groups>
      <group name="cucumber">
        <method signature="AbstractTestNGCucumberTests.runScenario(io.cucumber.testng.PickleWrapper,io.cucumber.testng.FeatureWrapper)[pri:0, instance:TestRunner.TestRunner@78e4deb0]" name="runScenario" class="io.cucumber.testng.AbstractTestNGCucumberTests"/>
      </group> <!-- cucumber -->
    </groups>
    <test started-at="2024-11-26T21:47:59 GMT-04:00" name="SauceDemo Tests" finished-at="2024-11-26T21:48:04 GMT-04:00" duration-ms="5042">
      <class name="TestRunner.TestRunner">
        <test-method is-config="true" signature="setUpClass(org.testng.ITestContext)[pri:0, instance:TestRunner.TestRunner@78e4deb0]" started-at="2024-11-26T21:47:59 GMT-04:00" name="setUpClass" finished-at="2024-11-26T21:47:59 GMT-04:00" duration-ms="378" status="PASS">
          <params>
            <param index="0">
              <value>
                <![CDATA[org.testng.TestRunner@4760f169]]>
              </value>
            </param>
          </params>
          <reporter-output>
          </reporter-output>
        </test-method> <!-- setUpClass -->
        <test-method signature="runScenario(io.cucumber.testng.PickleWrapper,io.cucumber.testng.FeatureWrapper)[pri:0, instance:TestRunner.TestRunner@78e4deb0]" started-at="2024-11-26T21:47:59 GMT-04:00" name="runScenario" description="Runs Cucumber Scenarios" data-provider="scenarios" finished-at="2024-11-26T21:48:01 GMT-04:00" duration-ms="2255" status="PASS">
          <params>
            <param index="0">
              <value>
                <![CDATA["Verify the portal title"]]>
              </value>
            </param>
            <param index="1">
              <value>
                <![CDATA["SauceDemo Portal Automation"]]>
              </value>
            </param>
          </params>
          <reporter-output>
          </reporter-output>
        </test-method> <!-- runScenario -->
        <test-method signature="runScenario(io.cucumber.testng.PickleWrapper,io.cucumber.testng.FeatureWrapper)[pri:0, instance:TestRunner.TestRunner@78e4deb0]" started-at="2024-11-26T21:48:01 GMT-04:00" name="runScenario" description="Runs Cucumber Scenarios" data-provider="scenarios" finished-at="2024-11-26T21:48:02 GMT-04:00" duration-ms="537" status="PASS">
          <params>
            <param index="0">
              <value>
                <![CDATA["Verify user login functionality"]]>
              </value>
            </param>
            <param index="1">
              <value>
                <![CDATA["SauceDemo Portal Automation"]]>
              </value>
            </param>
          </params>
          <reporter-output>
          </reporter-output>
        </test-method> <!-- runScenario -->
        <test-method signature="runScenario(io.cucumber.testng.PickleWrapper,io.cucumber.testng.FeatureWrapper)[pri:0, instance:TestRunner.TestRunner@78e4deb0]" started-at="2024-11-26T21:48:02 GMT-04:00" name="runScenario" description="Runs Cucumber Scenarios" data-provider="scenarios" finished-at="2024-11-26T21:48:03 GMT-04:00" duration-ms="809" status="PASS">
          <params>
            <param index="0">
              <value>
                <![CDATA["Add multiple items to the cart"]]>
              </value>
            </param>
            <param index="1">
              <value>
                <![CDATA["SauceDemo Portal Automation"]]>
              </value>
            </param>
          </params>
          <reporter-output>
          </reporter-output>
        </test-method> <!-- runScenario -->
        <test-method signature="runScenario(io.cucumber.testng.PickleWrapper,io.cucumber.testng.FeatureWrapper)[pri:0, instance:TestRunner.TestRunner@78e4deb0]" started-at="2024-11-26T21:48:03 GMT-04:00" name="runScenario" description="Runs Cucumber Scenarios" data-provider="scenarios" finished-at="2024-11-26T21:48:04 GMT-04:00" duration-ms="1020" status="PASS">
          <params>
            <param index="0">
              <value>
                <![CDATA["Perform checkout and verify order message"]]>
              </value>
            </param>
            <param index="1">
              <value>
                <![CDATA["SauceDemo Portal Automation"]]>
              </value>
            </param>
          </params>
          <reporter-output>
          </reporter-output>
        </test-method> <!-- runScenario -->
        <test-method is-config="true" signature="tearDownClass()[pri:0, instance:TestRunner.TestRunner@78e4deb0]" started-at="2024-11-26T21:48:04 GMT-04:00" name="tearDownClass" finished-at="2024-11-26T21:48:04 GMT-04:00" duration-ms="18" status="PASS">
          <reporter-output>
          </reporter-output>
        </test-method> <!-- tearDownClass -->
      </class> <!-- TestRunner.TestRunner -->
    </test> <!-- SauceDemo Tests -->
  </suite> <!-- SauceDemo Automation Suite -->
</testng-results>
